
[2024-03-01T16:48:41.678Z] POST /create {"text":"what is the punishment of accessing some's information on compuer without permission?"} {"id":"65df9dfb4e8a6eb961322e92","email":"a@gmail.com","firstName":"pabro","lastName":"Alice","password":"$2a$10$pDdvJhBnTpCd3waH4J1jFu3kixtHPVYPLlKnKqIw4v/eVWcyTSfpi","createdAt":"2024-02-28T20:56:24.919Z","updatedAt":"2024-02-28T20:56:24.919Z","role":"USER","isBlocked":false,"isActive":true,"isSpecial":false}
[2024-03-01T16:48:48.001Z] POST /create 200
[2024-03-01T16:53:23.778Z] POST /create {"text":"what is the punishment for curruption?"} {"id":"65e20778e422b1335af75610","email":"kelly@gmail.com","firstName":"Kelly","lastName":"Irakoze","password":"$2a$10$IV.JuRuJYvumedwuUg5tzud11BBK.WRnDLV6hlmuDSKpwpkoqHdla","createdAt":"2024-03-01T16:51:00.486Z","updatedAt":"2024-03-01T16:51:00.486Z","role":"USER","isBlocked":false,"isActive":true,"isSpecial":false}
[2024-03-01T16:53:34.940Z] POST /create 200
[2024-03-01T16:54:54.851Z] POST /create {"text":"only that?"} {"id":"65e20778e422b1335af75610","email":"kelly@gmail.com","firstName":"Kelly","lastName":"Irakoze","password":"$2a$10$IV.JuRuJYvumedwuUg5tzud11BBK.WRnDLV6hlmuDSKpwpkoqHdla","createdAt":"2024-03-01T16:51:00.486Z","updatedAt":"2024-03-01T16:51:00.486Z","role":"USER","isBlocked":false,"isActive":true,"isSpecial":false}
[2024-03-01T16:55:14.923Z] POST /create 500
[2024-03-01T16:55:31.575Z] POST /create {"text":"only that?"} {"id":"65e20778e422b1335af75610","email":"kelly@gmail.com","firstName":"Kelly","lastName":"Irakoze","password":"$2a$10$IV.JuRuJYvumedwuUg5tzud11BBK.WRnDLV6hlmuDSKpwpkoqHdla","createdAt":"2024-03-01T16:51:00.486Z","updatedAt":"2024-03-01T16:51:00.486Z","role":"USER","isBlocked":false,"isActive":true,"isSpecial":false}
[2024-03-01T16:55:51.481Z] POST /create 500
[2024-03-01T16:57:18.890Z] POST /create {"text":"only that?"} {"id":"65e20778e422b1335af75610","email":"kelly@gmail.com","firstName":"Kelly","lastName":"Irakoze","password":"$2a$10$IV.JuRuJYvumedwuUg5tzud11BBK.WRnDLV6hlmuDSKpwpkoqHdla","createdAt":"2024-03-01T16:51:00.486Z","updatedAt":"2024-03-01T16:51:00.486Z","role":"USER","isBlocked":false,"isActive":true,"isSpecial":false}
[2024-03-01T16:57:38.865Z] POST /create 500
[2024-03-01T17:00:23.394Z] POST /create {"text":"only that?"} {"id":"65e20962e422b1335af75613","email":"iz@gmail.com","firstName":"Izabayo","lastName":"Alice","password":"$2a$10$MiQexKGQeEV0g6IDbKl4U.qBVK53JmXqabo5QEDmB/i68WuPogJ2.","createdAt":"2024-03-01T16:59:14.105Z","updatedAt":"2024-03-01T16:59:14.105Z","role":"USER","isBlocked":false,"isActive":true,"isSpecial":false}
[2024-03-01T17:00:44.888Z] POST /create 500
[2024-03-01T17:02:43.960Z] POST /create {"text":"only that?"} {"id":"65e20962e422b1335af75613","email":"iz@gmail.com","firstName":"Izabayo","lastName":"Alice","password":"$2a$10$MiQexKGQeEV0g6IDbKl4U.qBVK53JmXqabo5QEDmB/i68WuPogJ2.","createdAt":"2024-03-01T16:59:14.105Z","updatedAt":"2024-03-01T16:59:14.105Z","role":"USER","isBlocked":false,"isActive":true,"isSpecial":false}
[2024-03-01T17:02:51.969Z] POST /create 200
[2024-03-01T17:03:52.823Z] POST /create {"text":"what is the punishments for curruption in rwanda?"} {"id":"65e20962e422b1335af75613","email":"iz@gmail.com","firstName":"Izabayo","lastName":"Alice","password":"$2a$10$MiQexKGQeEV0g6IDbKl4U.qBVK53JmXqabo5QEDmB/i68WuPogJ2.","createdAt":"2024-03-01T16:59:14.105Z","updatedAt":"2024-03-01T16:59:14.105Z","role":"USER","isBlocked":false,"isActive":true,"isSpecial":false}
[2024-03-01T17:03:58.176Z] POST /create 200
[2024-03-01T17:04:31.156Z] POST /create {"text":"what is the punishments for curruption in rwanda?"} {"id":"65e20962e422b1335af75613","email":"iz@gmail.com","firstName":"Izabayo","lastName":"Alice","password":"$2a$10$MiQexKGQeEV0g6IDbKl4U.qBVK53JmXqabo5QEDmB/i68WuPogJ2.","createdAt":"2024-03-01T16:59:14.105Z","updatedAt":"2024-03-01T16:59:14.105Z","role":"USER","isBlocked":false,"isActive":true,"isSpecial":false}
[2024-03-01T17:04:50.728Z] POST /create 500
[2024-03-01T17:04:57.742Z] POST /create {"text":"what is the punishments for curruption in rwanda?"} {"id":"65e20962e422b1335af75613","email":"iz@gmail.com","firstName":"Izabayo","lastName":"Alice","password":"$2a$10$MiQexKGQeEV0g6IDbKl4U.qBVK53JmXqabo5QEDmB/i68WuPogJ2.","createdAt":"2024-03-01T16:59:14.105Z","updatedAt":"2024-03-01T16:59:14.105Z","role":"USER","isBlocked":false,"isActive":true,"isSpecial":false}
[2024-03-01T17:05:05.591Z] POST /create 200
[2024-03-01T17:07:24.829Z] POST /create {"text":"what is the punishments raping?"} {"id":"65e20962e422b1335af75613","email":"iz@gmail.com","firstName":"Izabayo","lastName":"Alice","password":"$2a$10$MiQexKGQeEV0g6IDbKl4U.qBVK53JmXqabo5QEDmB/i68WuPogJ2.","createdAt":"2024-03-01T16:59:14.105Z","updatedAt":"2024-03-01T16:59:14.105Z","role":"USER","isBlocked":false,"isActive":true,"isSpecial":false}
[2024-03-01T17:08:22.556Z] POST /create {"text":"what is the punishments raping?"} {"id":"65e20962e422b1335af75613","email":"iz@gmail.com","firstName":"Izabayo","lastName":"Alice","password":"$2a$10$MiQexKGQeEV0g6IDbKl4U.qBVK53JmXqabo5QEDmB/i68WuPogJ2.","createdAt":"2024-03-01T16:59:14.105Z","updatedAt":"2024-03-01T16:59:14.105Z","role":"USER","isBlocked":false,"isActive":true,"isSpecial":false}
[2024-03-01T17:08:35.861Z] POST /create 200
[2024-03-01T17:09:18.530Z] POST /create {"text":"what is the punishments raping?"} {"id":"65e20962e422b1335af75613","email":"iz@gmail.com","firstName":"Izabayo","lastName":"Alice","password":"$2a$10$MiQexKGQeEV0g6IDbKl4U.qBVK53JmXqabo5QEDmB/i68WuPogJ2.","createdAt":"2024-03-01T16:59:14.105Z","updatedAt":"2024-03-01T16:59:14.105Z","role":"USER","isBlocked":false,"isActive":true,"isSpecial":false}
[2024-03-01T17:09:38.701Z] POST /create 500
[2024-03-01T17:10:59.647Z] POST /create {"text":"what is the punishments raping?"} {"id":"65e20962e422b1335af75613","email":"iz@gmail.com","firstName":"Izabayo","lastName":"Alice","password":"$2a$10$MiQexKGQeEV0g6IDbKl4U.qBVK53JmXqabo5QEDmB/i68WuPogJ2.","createdAt":"2024-03-01T16:59:14.105Z","updatedAt":"2024-03-01T16:59:14.105Z","role":"USER","isBlocked":false,"isActive":true,"isSpecial":false}
[2024-03-01T17:11:05.760Z] POST /create 200
[2024-03-01T17:12:54.768Z] POST /create {"text":"what is the punishments raping?"} {"id":"65e20962e422b1335af75613","email":"iz@gmail.com","firstName":"Izabayo","lastName":"Alice","password":"$2a$10$MiQexKGQeEV0g6IDbKl4U.qBVK53JmXqabo5QEDmB/i68WuPogJ2.","createdAt":"2024-03-01T16:59:14.105Z","updatedAt":"2024-03-01T16:59:14.105Z","role":"USER","isBlocked":false,"isActive":true,"isSpecial":false}
[2024-03-01T17:13:30.825Z] POST /create 500
[2024-03-01T17:13:43.157Z] POST /create {"text":"what is the punishments raping?"} {"id":"65e20962e422b1335af75613","email":"iz@gmail.com","firstName":"Izabayo","lastName":"Alice","password":"$2a$10$MiQexKGQeEV0g6IDbKl4U.qBVK53JmXqabo5QEDmB/i68WuPogJ2.","createdAt":"2024-03-01T16:59:14.105Z","updatedAt":"2024-03-01T16:59:14.105Z","role":"USER","isBlocked":false,"isActive":true,"isSpecial":false}
[2024-03-01T17:14:03.049Z] POST /create 500
[2024-03-01T17:14:29.637Z] POST /create {"text":"what is the punishments stealing?"} {"id":"65e20962e422b1335af75613","email":"iz@gmail.com","firstName":"Izabayo","lastName":"Alice","password":"$2a$10$MiQexKGQeEV0g6IDbKl4U.qBVK53JmXqabo5QEDmB/i68WuPogJ2.","createdAt":"2024-03-01T16:59:14.105Z","updatedAt":"2024-03-01T16:59:14.105Z","role":"USER","isBlocked":false,"isActive":true,"isSpecial":false}
[2024-03-01T17:15:57.080Z] POST /create {"text":"what is the punishments stealing?"} {"id":"65e20962e422b1335af75613","email":"iz@gmail.com","firstName":"Izabayo","lastName":"Alice","password":"$2a$10$MiQexKGQeEV0g6IDbKl4U.qBVK53JmXqabo5QEDmB/i68WuPogJ2.","createdAt":"2024-03-01T16:59:14.105Z","updatedAt":"2024-03-01T16:59:14.105Z","role":"USER","isBlocked":false,"isActive":true,"isSpecial":false}
